<?xml version="1.0" encoding="UTF-8"?>
<testsuite name="co.com.miniforo.controller.PostsControllerTest" tests="10" skipped="0" failures="0" errors="0" timestamp="2021-11-13T21:27:28" hostname="SI99APS003" time="0.026">
  <properties/>
  <testcase name="delete()" classname="co.com.miniforo.controller.PostsControllerTest" time="0.001"/>
  <testcase name="getOne()" classname="co.com.miniforo.controller.PostsControllerTest" time="0.001"/>
  <testcase name="deleteFailed()" classname="co.com.miniforo.controller.PostsControllerTest" time="0.002"/>
  <testcase name="get()" classname="co.com.miniforo.controller.PostsControllerTest" time="0.002"/>
  <testcase name="edit()" classname="co.com.miniforo.controller.PostsControllerTest" time="0.002"/>
  <testcase name="save()" classname="co.com.miniforo.controller.PostsControllerTest" time="0.001"/>
  <testcase name="getFailed()" classname="co.com.miniforo.controller.PostsControllerTest" time="0.002"/>
  <testcase name="saveFailed()" classname="co.com.miniforo.controller.PostsControllerTest" time="0.002"/>
  <testcase name="getOneFailed()" classname="co.com.miniforo.controller.PostsControllerTest" time="0.002"/>
  <testcase name="editFailed()" classname="co.com.miniforo.controller.PostsControllerTest" time="0.002"/>
  <system-out><![CDATA[16:27:28.357 [Test worker] ERROR co.com.miniforo.service.PostsService - Ocurrio un error al momento de eliminar el registro
java.lang.NullPointerException: null
16:27:28.367 [Test worker] ERROR co.com.miniforo.service.PostsService - Ocurrio un error al momento de consultar el registro
java.lang.NullPointerException: null
16:27:28.367 [Test worker] ERROR co.com.miniforo.service.PostsService - Ocurrio un error al momento de guardar el registro
java.lang.NullPointerException: null
16:27:28.376 [Test worker] ERROR co.com.miniforo.service.PostsService - Ocurrio un error al momento de consultar el registro
java.lang.NullPointerException: null
16:27:28.378 [Test worker] ERROR co.com.miniforo.service.PostsService - Ocurrio un error al momento de guardar el registro
java.lang.NullPointerException: null
]]></system-out>
  <system-err><![CDATA[]]></system-err>
</testsuite>
