<?xml version="1.0" encoding="UTF-8"?>
<testsuite name="co.com.miniforo.MiniforoApplicationTests" tests="1" skipped="0" failures="0" errors="0" timestamp="2021-11-14T05:22:08" hostname="SI99APS003" time="0.042">
  <properties/>
  <testcase name="contextLoads()" classname="co.com.miniforo.MiniforoApplicationTests" time="0.042"/>
  <system-out><![CDATA[00:21:40.471 [Test worker] DEBUG org.springframework.test.context.BootstrapUtils - Instantiating CacheAwareContextLoaderDelegate from class [org.springframework.test.context.cache.DefaultCacheAwareContextLoaderDelegate]
00:21:40.505 [Test worker] DEBUG org.springframework.test.context.BootstrapUtils - Instantiating BootstrapContext using constructor [public org.springframework.test.context.support.DefaultBootstrapContext(java.lang.Class,org.springframework.test.context.CacheAwareContextLoaderDelegate)]
00:21:40.669 [Test worker] DEBUG org.springframework.test.context.BootstrapUtils - Instantiating TestContextBootstrapper for test class [co.com.miniforo.MiniforoApplicationTests] from class [org.springframework.boot.test.context.SpringBootTestContextBootstrapper]
00:21:40.710 [Test worker] INFO org.springframework.boot.test.context.SpringBootTestContextBootstrapper - Neither @ContextConfiguration nor @ContextHierarchy found for test class [co.com.miniforo.MiniforoApplicationTests], using SpringBootContextLoader
00:21:40.731 [Test worker] DEBUG org.springframework.test.context.support.AbstractContextLoader - Did not detect default resource location for test class [co.com.miniforo.MiniforoApplicationTests]: class path resource [co/com/miniforo/MiniforoApplicationTests-context.xml] does not exist
00:21:40.731 [Test worker] DEBUG org.springframework.test.context.support.AbstractContextLoader - Did not detect default resource location for test class [co.com.miniforo.MiniforoApplicationTests]: class path resource [co/com/miniforo/MiniforoApplicationTestsContext.groovy] does not exist
00:21:40.736 [Test worker] INFO org.springframework.test.context.support.AbstractContextLoader - Could not detect default resource locations for test class [co.com.miniforo.MiniforoApplicationTests]: no resource found for suffixes {-context.xml, Context.groovy}.
00:21:40.739 [Test worker] INFO org.springframework.test.context.support.AnnotationConfigContextLoaderUtils - Could not detect default configuration classes for test class [co.com.miniforo.MiniforoApplicationTests]: MiniforoApplicationTests does not declare any static, non-private, non-final, nested classes annotated with @Configuration.
00:21:40.903 [Test worker] DEBUG org.springframework.test.context.support.ActiveProfilesUtils - Could not find an 'annotation declaring class' for annotation type [org.springframework.test.context.ActiveProfiles] and class [co.com.miniforo.MiniforoApplicationTests]
00:21:41.168 [Test worker] DEBUG org.springframework.context.annotation.ClassPathScanningCandidateComponentProvider - Identified candidate component class: file [U:\Datos\MHERNANDEZ\eclipse-workspace\MiniForo\miniForo-backend\build\classes\java\main\co\com\miniforo\MiniforoApplication.class]
00:21:41.170 [Test worker] INFO org.springframework.boot.test.context.SpringBootTestContextBootstrapper - Found @SpringBootConfiguration co.com.miniforo.MiniforoApplication for test class co.com.miniforo.MiniforoApplicationTests
00:21:41.609 [Test worker] DEBUG org.springframework.boot.test.context.SpringBootTestContextBootstrapper - @TestExecutionListeners is not present for class [co.com.miniforo.MiniforoApplicationTests]: using defaults.
00:21:41.617 [Test worker] INFO org.springframework.boot.test.context.SpringBootTestContextBootstrapper - Loaded default TestExecutionListener class names from location [META-INF/spring.factories]: [org.springframework.boot.test.autoconfigure.restdocs.RestDocsTestExecutionListener, org.springframework.boot.test.autoconfigure.web.client.MockRestServiceServerResetTestExecutionListener, org.springframework.boot.test.autoconfigure.web.servlet.MockMvcPrintOnlyOnFailureTestExecutionListener, org.springframework.boot.test.autoconfigure.web.servlet.WebDriverTestExecutionListener, org.springframework.boot.test.autoconfigure.webservices.client.MockWebServiceServerTestExecutionListener, org.springframework.boot.test.mock.mockito.MockitoTestExecutionListener, org.springframework.boot.test.mock.mockito.ResetMocksTestExecutionListener, org.springframework.test.context.web.ServletTestExecutionListener, org.springframework.test.context.support.DirtiesContextBeforeModesTestExecutionListener, org.springframework.test.context.event.ApplicationEventsTestExecutionListener, org.springframework.test.context.support.DependencyInjectionTestExecutionListener, org.springframework.test.context.support.DirtiesContextTestExecutionListener, org.springframework.test.context.transaction.TransactionalTestExecutionListener, org.springframework.test.context.jdbc.SqlScriptsTestExecutionListener, org.springframework.test.context.event.EventPublishingTestExecutionListener]
00:21:41.699 [Test worker] INFO org.springframework.boot.test.context.SpringBootTestContextBootstrapper - Using TestExecutionListeners: [org.springframework.test.context.web.ServletTestExecutionListener@27f09e08, org.springframework.test.context.support.DirtiesContextBeforeModesTestExecutionListener@2984edab, org.springframework.test.context.event.ApplicationEventsTestExecutionListener@2a6dfbb2, org.springframework.boot.test.mock.mockito.MockitoTestExecutionListener@1e085e71, org.springframework.boot.test.autoconfigure.SpringBootDependencyInjectionTestExecutionListener@3dab9366, org.springframework.test.context.support.DirtiesContextTestExecutionListener@33ccc8cd, org.springframework.test.context.transaction.TransactionalTestExecutionListener@76b9056d, org.springframework.test.context.jdbc.SqlScriptsTestExecutionListener@2a9e261d, org.springframework.test.context.event.EventPublishingTestExecutionListener@4bcfa08b, org.springframework.boot.test.autoconfigure.restdocs.RestDocsTestExecutionListener@1e90939f, org.springframework.boot.test.autoconfigure.web.client.MockRestServiceServerResetTestExecutionListener@20bc6f4d, org.springframework.boot.test.autoconfigure.web.servlet.MockMvcPrintOnlyOnFailureTestExecutionListener@7b491b89, org.springframework.boot.test.autoconfigure.web.servlet.WebDriverTestExecutionListener@4d343793, org.springframework.boot.test.autoconfigure.webservices.client.MockWebServiceServerTestExecutionListener@57a259c1, org.springframework.boot.test.mock.mockito.ResetMocksTestExecutionListener@1427827f]
00:21:41.709 [Test worker] DEBUG org.springframework.test.context.support.AbstractDirtiesContextTestExecutionListener - Before test class: context [DefaultTestContext@5a85f41b testClass = MiniforoApplicationTests, testInstance = [null], testMethod = [null], testException = [null], mergedContextConfiguration = [WebMergedContextConfiguration@35abfeba testClass = MiniforoApplicationTests, locations = '{}', classes = '{class co.com.miniforo.MiniforoApplication}', contextInitializerClasses = '[]', activeProfiles = '{}', propertySourceLocations = '{}', propertySourceProperties = '{org.springframework.boot.test.context.SpringBootTestContextBootstrapper=true}', contextCustomizers = set[org.springframework.boot.test.autoconfigure.actuate.metrics.MetricsExportContextCustomizerFactory$DisableMetricExportContextCustomizer@743b7025, org.springframework.boot.test.autoconfigure.properties.PropertyMappingContextCustomizer@0, org.springframework.boot.test.autoconfigure.web.servlet.WebDriverContextCustomizerFactory$Customizer@188532da, org.springframework.boot.test.context.filter.ExcludeFilterContextCustomizer@1c618295, org.springframework.boot.test.json.DuplicateJsonObjectContextCustomizerFactory$DuplicateJsonObjectContextCustomizer@42fb2be9, org.springframework.boot.test.mock.mockito.MockitoContextCustomizer@0, org.springframework.boot.test.web.client.TestRestTemplateContextCustomizer@75aeec0a, org.springframework.boot.test.context.SpringBootTestArgs@1, org.springframework.boot.test.context.SpringBootTestWebEnvironment@7fd26ad8], resourceBasePath = 'src/main/webapp', contextLoader = 'org.springframework.boot.test.context.SpringBootContextLoader', parent = [null]], attributes = map['org.springframework.test.context.web.ServletTestExecutionListener.activateListener' -> true]], class annotated with @DirtiesContext [false] with mode [null].
00:21:41.810 [Test worker] DEBUG org.springframework.test.context.support.TestPropertySourceUtils - Adding inlined properties to environment: {spring.jmx.enabled=false, org.springframework.boot.test.context.SpringBootTestContextBootstrapper=true}

  .   ____          _            __ _ _
 /\\ / ___'_ __ _ _(_)_ __  __ _ \ \ \ \
( ( )\___ | '_ | '_| | '_ \/ _` | \ \ \ \
 \\/  ___)| |_)| | | | | || (_| |  ) ) ) )
  '  |____| .__|_| |_|_| |_\__, | / / / /
 =========|_|==============|___/=/_/_/_/
 :: Spring Boot ::                (v2.5.6)

2021-11-14 00:21:42.949  INFO 22380 --- [    Test worker] c.com.miniforo.MiniforoApplicationTests  : Starting MiniforoApplicationTests using Java 11.0.11 on SI99APS003 with PID 22380 (started by mhernandez in U:\Datos\MHERNANDEZ\eclipse-workspace\MiniForo\miniForo-backend)
2021-11-14 00:21:42.964  INFO 22380 --- [    Test worker] c.com.miniforo.MiniforoApplicationTests  : No active profile set, falling back to default profiles: default
2021-11-14 00:21:47.088  INFO 22380 --- [    Test worker] .s.d.r.c.RepositoryConfigurationDelegate : Bootstrapping Spring Data JPA repositories in DEFAULT mode.
2021-11-14 00:21:47.258  INFO 22380 --- [    Test worker] .s.d.r.c.RepositoryConfigurationDelegate : Finished Spring Data repository scanning in 142 ms. Found 3 JPA repository interfaces.
2021-11-14 00:21:49.144  INFO 22380 --- [    Test worker] o.f.c.internal.license.VersionPrinter    : Flyway Community Edition 7.7.3 by Redgate
2021-11-14 00:21:49.174  INFO 22380 --- [    Test worker] com.zaxxer.hikari.HikariDataSource       : HikariPool-1 - Starting...
2021-11-14 00:21:52.869  INFO 22380 --- [    Test worker] com.zaxxer.hikari.HikariDataSource       : HikariPool-1 - Start completed.
2021-11-14 00:21:53.233  INFO 22380 --- [    Test worker] o.f.c.i.database.base.DatabaseType       : Database: jdbc:mysql://db-foro.cshwm0tlewr3.us-east-2.rds.amazonaws.com/dbforo (MySQL 8.0)
2021-11-14 00:21:55.509  INFO 22380 --- [    Test worker] o.f.core.internal.command.DbValidate     : Successfully validated 1 migration (execution time 00:00.901s)
2021-11-14 00:21:56.764  INFO 22380 --- [    Test worker] o.f.core.internal.command.DbMigrate      : Current version of schema `dbforo`: 1
2021-11-14 00:21:56.879  INFO 22380 --- [    Test worker] o.f.core.internal.command.DbMigrate      : Schema `dbforo` is up to date. No migration necessary.
2021-11-14 00:21:58.303  INFO 22380 --- [    Test worker] o.hibernate.jpa.internal.util.LogHelper  : HHH000204: Processing PersistenceUnitInfo [name: default]
2021-11-14 00:21:58.550  INFO 22380 --- [    Test worker] org.hibernate.Version                    : HHH000412: Hibernate ORM core version 5.4.32.Final
2021-11-14 00:21:58.727  INFO 22380 --- [    Test worker] o.hibernate.annotations.common.Version   : HCANN000001: Hibernate Commons Annotations {5.1.2.Final}
2021-11-14 00:21:59.240  INFO 22380 --- [    Test worker] org.hibernate.dialect.Dialect            : HHH000400: Using dialect: org.hibernate.dialect.MySQLDialect
2021-11-14 00:22:00.648  INFO 22380 --- [    Test worker] o.h.e.t.j.p.i.JtaPlatformInitiator       : HHH000490: Using JtaPlatform implementation: [org.hibernate.engine.transaction.jta.platform.internal.NoJtaPlatform]
2021-11-14 00:22:00.676  INFO 22380 --- [    Test worker] j.LocalContainerEntityManagerFactoryBean : Initialized JPA EntityManagerFactory for persistence unit 'default'
2021-11-14 00:22:03.180  WARN 22380 --- [    Test worker] JpaBaseConfiguration$JpaWebConfiguration : spring.jpa.open-in-view is enabled by default. Therefore, database queries may be performed during view rendering. Explicitly configure spring.jpa.open-in-view to disable this warning
2021-11-14 00:22:04.356  INFO 22380 --- [    Test worker] o.s.b.a.e.web.EndpointLinksResolver      : Exposing 0 endpoint(s) beneath base path '/actuator'
2021-11-14 00:22:08.353  INFO 22380 --- [    Test worker] c.com.miniforo.MiniforoApplicationTests  : Started MiniforoApplicationTests in 26.509 seconds (JVM running for 35.487)
]]></system-out>
  <system-err><![CDATA[]]></system-err>
</testsuite>
