<?xml version="1.0" encoding="UTF-8"?>
<testsuite name="co.com.miniforo.controller.CommentsControllerTest" tests="10" skipped="0" failures="0" errors="0" timestamp="2021-11-14T05:21:39" hostname="SI99APS003" time="0.341">
  <properties/>
  <testcase name="delete()" classname="co.com.miniforo.controller.CommentsControllerTest" time="0.213"/>
  <testcase name="getOne()" classname="co.com.miniforo.controller.CommentsControllerTest" time="0.003"/>
  <testcase name="deleteFailed()" classname="co.com.miniforo.controller.CommentsControllerTest" time="0.077"/>
  <testcase name="get()" classname="co.com.miniforo.controller.CommentsControllerTest" time="0.003"/>
  <testcase name="edit()" classname="co.com.miniforo.controller.CommentsControllerTest" time="0.003"/>
  <testcase name="save()" classname="co.com.miniforo.controller.CommentsControllerTest" time="0.003"/>
  <testcase name="getFailed()" classname="co.com.miniforo.controller.CommentsControllerTest" time="0.006"/>
  <testcase name="saveFailed()" classname="co.com.miniforo.controller.CommentsControllerTest" time="0.009"/>
  <testcase name="getOneFailed()" classname="co.com.miniforo.controller.CommentsControllerTest" time="0.003"/>
  <testcase name="editFailed()" classname="co.com.miniforo.controller.CommentsControllerTest" time="0.005"/>
  <system-out><![CDATA[00:21:39.904 [Test worker] ERROR co.com.miniforo.service.CommentsService - Ocurrio un error al momento de eliminar el registro
java.lang.NullPointerException: null
00:21:39.973 [Test worker] ERROR co.com.miniforo.service.CommentsService - Ocurrio un error al momento de consultar el registro
java.lang.NullPointerException: null
00:21:39.983 [Test worker] ERROR co.com.miniforo.service.CommentsService - Ocurrio un error al momento de guardar el registro
java.lang.NullPointerException: null
00:21:39.989 [Test worker] ERROR co.com.miniforo.service.CommentsService - Ocurrio un error al momento de consultar el registro
java.lang.NullPointerException: null
00:21:39.993 [Test worker] ERROR co.com.miniforo.service.CommentsService - Ocurrio un error al momento de guardar el registro
java.lang.NullPointerException: null
]]></system-out>
  <system-err><![CDATA[]]></system-err>
</testsuite>
